<?xml version="1.0" encoding="UTF-8"?>
<testng-results skipped="0" failed="0" ignored="0" total="1" passed="1">
  <reporter-output>
    <line>
      <![CDATA[Ebay searched is successfull]]>
    </line>
  </reporter-output>
  <suite name="Suite" duration-ms="26204" started-at="2020-09-17T22:55:42 PDT" finished-at="2020-09-17T22:56:08 PDT">
    <groups>
    </groups>
    <test name="Test" duration-ms="26204" started-at="2020-09-17T22:55:42 PDT" finished-at="2020-09-17T22:56:08 PDT">
      <class name="mypractice.myTest1">
        <test-method status="PASS" signature="Search()[pri:0, instance:mypractice.myTest1@5abca1e0]" name="Search" duration-ms="26088" started-at="2020-09-17T22:55:42 PDT" finished-at="2020-09-17T22:56:08 PDT">
          <reporter-output>
            <line>
              <![CDATA[Ebay searched is successfull]]>
            </line>
          </reporter-output>
        </test-method> <!-- Search -->
      </class> <!-- mypractice.myTest1 -->
    </test> <!-- Test -->
  </suite> <!-- Suite -->
</testng-results>
